
> dev
> vite --host 162.240.102.146 --port 8005


  VITE v5.0.12  ready in 396 ms

  ➜  Network: http://162.240.102.146:8005/

  LARAVEL v10.40.0  plugin v1.0.1

  ➜  APP_URL: http://localhost
2:13:23 AM [vite] Internal server error: ENOENT: no such file or directory, open '/var/www/html/controllaccess/node_modules/laravel-vite-plugin/dist/dev-server-index.html'
      at Object.openSync (node:fs:596:3)
      at Object.readFileSync (node:fs:464:35)
      at file:///var/www/html/controllaccess/node_modules/laravel-vite-plugin/dist/index.js:136:16
      at call (file:///var/www/html/controllaccess/node_modules/vite/dist/node/chunks/dep-9A4-l-43.js:44795:7)
      at next (file:///var/www/html/controllaccess/node_modules/vite/dist/node/chunks/dep-9A4-l-43.js:44739:5)
      at viteHtmlFallbackMiddleware (file:///var/www/html/controllaccess/node_modules/vite/dist/node/chunks/dep-9A4-l-43.js:59183:9)
      at call (file:///var/www/html/controllaccess/node_modules/vite/dist/node/chunks/dep-9A4-l-43.js:44795:7)
      at next (file:///var/www/html/controllaccess/node_modules/vite/dist/node/chunks/dep-9A4-l-43.js:44739:5)
      at file:///var/www/html/controllaccess/node_modules/vite/dist/node/chunks/dep-9A4-l-43.js:49356:28
      at viteServeStaticMiddleware (file:///var/www/html/controllaccess/node_modules/vite/dist/node/chunks/dep-9A4-l-43.js:49475:9)
      at call (file:///var/www/html/controllaccess/node_modules/vite/dist/node/chunks/dep-9A4-l-43.js:44795:7)
      at next (file:///var/www/html/controllaccess/node_modules/vite/dist/node/chunks/dep-9A4-l-43.js:44739:5)
      at viteServeRawFsMiddleware (file:///var/www/html/controllaccess/node_modules/vite/dist/node/chunks/dep-9A4-l-43.js:49501:13)
      at call (file:///var/www/html/controllaccess/node_modules/vite/dist/node/chunks/dep-9A4-l-43.js:44795:7)
      at next (file:///var/www/html/controllaccess/node_modules/vite/dist/node/chunks/dep-9A4-l-43.js:44739:5)
      at viteTransformMiddleware (file:///var/www/html/controllaccess/node_modules/vite/dist/node/chunks/dep-9A4-l-43.js:59407:9)
      at call (file:///var/www/html/controllaccess/node_modules/vite/dist/node/chunks/dep-9A4-l-43.js:44795:7)
      at next (file:///var/www/html/controllaccess/node_modules/vite/dist/node/chunks/dep-9A4-l-43.js:44739:5)
      at viteHMRPingMiddleware (file:///var/www/html/controllaccess/node_modules/vite/dist/node/chunks/dep-9A4-l-43.js:60622:13)
      at call (file:///var/www/html/controllaccess/node_modules/vite/dist/node/chunks/dep-9A4-l-43.js:44795:7)
      at next (file:///var/www/html/controllaccess/node_modules/vite/dist/node/chunks/dep-9A4-l-43.js:44739:5)
      at next (file:///var/www/html/controllaccess/node_modules/vite/dist/node/chunks/dep-9A4-l-43.js:44717:14)
      at cors (file:///var/www/html/controllaccess/node_modules/vite/dist/node/chunks/dep-9A4-l-43.js:45267:7)
      at file:///var/www/html/controllaccess/node_modules/vite/dist/node/chunks/dep-9A4-l-43.js:45303:17
      at originCallback (file:///var/www/html/controllaccess/node_modules/vite/dist/node/chunks/dep-9A4-l-43.js:45293:15)
      at file:///var/www/html/controllaccess/node_modules/vite/dist/node/chunks/dep-9A4-l-43.js:45298:13
      at optionsCallback (file:///var/www/html/controllaccess/node_modules/vite/dist/node/chunks/dep-9A4-l-43.js:45278:9)
      at corsMiddleware (file:///var/www/html/controllaccess/node_modules/vite/dist/node/chunks/dep-9A4-l-43.js:45283:7)
      at call (file:///var/www/html/controllaccess/node_modules/vite/dist/node/chunks/dep-9A4-l-43.js:44795:7)
      at next (file:///var/www/html/controllaccess/node_modules/vite/dist/node/chunks/dep-9A4-l-43.js:44739:5)
      at Function.handle (file:///var/www/html/controllaccess/node_modules/vite/dist/node/chunks/dep-9A4-l-43.js:44742:3)
      at Server.app (file:///var/www/html/controllaccess/node_modules/vite/dist/node/chunks/dep-9A4-l-43.js:44607:37)
      at Server.emit (node:events:517:28)
      at parserOnIncoming (node:_http_server:1123:12)
      at HTTPParser.parserOnHeadersComplete (node:_http_common:119:17)
2:17:07 AM [vite] Internal server error: ENOENT: no such file or directory, open '/var/www/html/controllaccess/node_modules/laravel-vite-plugin/dist/dev-server-index.html'
      at Object.openSync (node:fs:596:3)
      at Object.readFileSync (node:fs:464:35)
      at file:///var/www/html/controllaccess/node_modules/laravel-vite-plugin/dist/index.js:136:16
      at call (file:///var/www/html/controllaccess/node_modules/vite/dist/node/chunks/dep-9A4-l-43.js:44795:7)
      at next (file:///var/www/html/controllaccess/node_modules/vite/dist/node/chunks/dep-9A4-l-43.js:44739:5)
      at viteHtmlFallbackMiddleware (file:///var/www/html/controllaccess/node_modules/vite/dist/node/chunks/dep-9A4-l-43.js:59183:9)
      at call (file:///var/www/html/controllaccess/node_modules/vite/dist/node/chunks/dep-9A4-l-43.js:44795:7)
      at next (file:///var/www/html/controllaccess/node_modules/vite/dist/node/chunks/dep-9A4-l-43.js:44739:5)
      at file:///var/www/html/controllaccess/node_modules/vite/dist/node/chunks/dep-9A4-l-43.js:49356:28
      at viteServeStaticMiddleware (file:///var/www/html/controllaccess/node_modules/vite/dist/node/chunks/dep-9A4-l-43.js:49475:9)
      at call (file:///var/www/html/controllaccess/node_modules/vite/dist/node/chunks/dep-9A4-l-43.js:44795:7)
      at next (file:///var/www/html/controllaccess/node_modules/vite/dist/node/chunks/dep-9A4-l-43.js:44739:5)
      at viteServeRawFsMiddleware (file:///var/www/html/controllaccess/node_modules/vite/dist/node/chunks/dep-9A4-l-43.js:49501:13)
      at call (file:///var/www/html/controllaccess/node_modules/vite/dist/node/chunks/dep-9A4-l-43.js:44795:7)
      at next (file:///var/www/html/controllaccess/node_modules/vite/dist/node/chunks/dep-9A4-l-43.js:44739:5)
      at viteTransformMiddleware (file:///var/www/html/controllaccess/node_modules/vite/dist/node/chunks/dep-9A4-l-43.js:59407:9)
      at call (file:///var/www/html/controllaccess/node_modules/vite/dist/node/chunks/dep-9A4-l-43.js:44795:7)
      at next (file:///var/www/html/controllaccess/node_modules/vite/dist/node/chunks/dep-9A4-l-43.js:44739:5)
      at viteHMRPingMiddleware (file:///var/www/html/controllaccess/node_modules/vite/dist/node/chunks/dep-9A4-l-43.js:60622:13)
      at call (file:///var/www/html/controllaccess/node_modules/vite/dist/node/chunks/dep-9A4-l-43.js:44795:7)
      at next (file:///var/www/html/controllaccess/node_modules/vite/dist/node/chunks/dep-9A4-l-43.js:44739:5)
      at next (file:///var/www/html/controllaccess/node_modules/vite/dist/node/chunks/dep-9A4-l-43.js:44717:14)
      at cors (file:///var/www/html/controllaccess/node_modules/vite/dist/node/chunks/dep-9A4-l-43.js:45267:7)
      at file:///var/www/html/controllaccess/node_modules/vite/dist/node/chunks/dep-9A4-l-43.js:45303:17
      at originCallback (file:///var/www/html/controllaccess/node_modules/vite/dist/node/chunks/dep-9A4-l-43.js:45293:15)
      at file:///var/www/html/controllaccess/node_modules/vite/dist/node/chunks/dep-9A4-l-43.js:45298:13
      at optionsCallback (file:///var/www/html/controllaccess/node_modules/vite/dist/node/chunks/dep-9A4-l-43.js:45278:9)
      at corsMiddleware (file:///var/www/html/controllaccess/node_modules/vite/dist/node/chunks/dep-9A4-l-43.js:45283:7)
      at call (file:///var/www/html/controllaccess/node_modules/vite/dist/node/chunks/dep-9A4-l-43.js:44795:7)
      at next (file:///var/www/html/controllaccess/node_modules/vite/dist/node/chunks/dep-9A4-l-43.js:44739:5)
      at Function.handle (file:///var/www/html/controllaccess/node_modules/vite/dist/node/chunks/dep-9A4-l-43.js:44742:3)
      at Server.app (file:///var/www/html/controllaccess/node_modules/vite/dist/node/chunks/dep-9A4-l-43.js:44607:37)
      at Server.emit (node:events:517:28)
      at parserOnIncoming (node:_http_server:1123:12)
      at HTTPParser.parserOnHeadersComplete (node:_http_common:119:17)
(node:3180591) Warning: An error event has already been emitted on the socket. Please use the destroy method on the socket while handling a 'clientError' event.
(Use `node --trace-warnings ...` to show where the warning was created)
4:25:07 AM [vite] Internal server error: ENOENT: no such file or directory, open '/var/www/html/controllaccess/node_modules/laravel-vite-plugin/dist/dev-server-index.html'
      at Object.openSync (node:fs:596:3)
      at Object.readFileSync (node:fs:464:35)
      at file:///var/www/html/controllaccess/node_modules/laravel-vite-plugin/dist/index.js:136:16
      at call (file:///var/www/html/controllaccess/node_modules/vite/dist/node/chunks/dep-9A4-l-43.js:44795:7)
      at next (file:///var/www/html/controllaccess/node_modules/vite/dist/node/chunks/dep-9A4-l-43.js:44739:5)
      at viteHtmlFallbackMiddleware (file:///var/www/html/controllaccess/node_modules/vite/dist/node/chunks/dep-9A4-l-43.js:59183:9)
      at call (file:///var/www/html/controllaccess/node_modules/vite/dist/node/chunks/dep-9A4-l-43.js:44795:7)
      at next (file:///var/www/html/controllaccess/node_modules/vite/dist/node/chunks/dep-9A4-l-43.js:44739:5)
      at viteServeStaticMiddleware (file:///var/www/html/controllaccess/node_modules/vite/dist/node/chunks/dep-9A4-l-43.js:49441:20)
      at call (file:///var/www/html/controllaccess/node_modules/vite/dist/node/chunks/dep-9A4-l-43.js:44795:7)
      at next (file:///var/www/html/controllaccess/node_modules/vite/dist/node/chunks/dep-9A4-l-43.js:44739:5)
      at viteServeRawFsMiddleware (file:///var/www/html/controllaccess/node_modules/vite/dist/node/chunks/dep-9A4-l-43.js:49501:13)
      at call (file:///var/www/html/controllaccess/node_modules/vite/dist/node/chunks/dep-9A4-l-43.js:44795:7)
      at next (file:///var/www/html/controllaccess/node_modules/vite/dist/node/chunks/dep-9A4-l-43.js:44739:5)
      at viteTransformMiddleware (file:///var/www/html/controllaccess/node_modules/vite/dist/node/chunks/dep-9A4-l-43.js:59254:20)
      at call (file:///var/www/html/controllaccess/node_modules/vite/dist/node/chunks/dep-9A4-l-43.js:44795:7)
      at next (file:///var/www/html/controllaccess/node_modules/vite/dist/node/chunks/dep-9A4-l-43.js:44739:5)
      at viteHMRPingMiddleware (file:///var/www/html/controllaccess/node_modules/vite/dist/node/chunks/dep-9A4-l-43.js:60622:13)
      at call (file:///var/www/html/controllaccess/node_modules/vite/dist/node/chunks/dep-9A4-l-43.js:44795:7)
      at next (file:///var/www/html/controllaccess/node_modules/vite/dist/node/chunks/dep-9A4-l-43.js:44739:5)
      at next (file:///var/www/html/controllaccess/node_modules/vite/dist/node/chunks/dep-9A4-l-43.js:44717:14)
      at cors (file:///var/www/html/controllaccess/node_modules/vite/dist/node/chunks/dep-9A4-l-43.js:45267:7)
      at file:///var/www/html/controllaccess/node_modules/vite/dist/node/chunks/dep-9A4-l-43.js:45303:17
      at originCallback (file:///var/www/html/controllaccess/node_modules/vite/dist/node/chunks/dep-9A4-l-43.js:45293:15)
      at file:///var/www/html/controllaccess/node_modules/vite/dist/node/chunks/dep-9A4-l-43.js:45298:13
      at optionsCallback (file:///var/www/html/controllaccess/node_modules/vite/dist/node/chunks/dep-9A4-l-43.js:45278:9)
      at corsMiddleware (file:///var/www/html/controllaccess/node_modules/vite/dist/node/chunks/dep-9A4-l-43.js:45283:7)
      at call (file:///var/www/html/controllaccess/node_modules/vite/dist/node/chunks/dep-9A4-l-43.js:44795:7)
      at next (file:///var/www/html/controllaccess/node_modules/vite/dist/node/chunks/dep-9A4-l-43.js:44739:5)
      at Function.handle (file:///var/www/html/controllaccess/node_modules/vite/dist/node/chunks/dep-9A4-l-43.js:44742:3)
      at Server.app (file:///var/www/html/controllaccess/node_modules/vite/dist/node/chunks/dep-9A4-l-43.js:44607:37)
      at Server.emit (node:events:517:28)
      at parserOnIncoming (node:_http_server:1123:12)
      at HTTPParser.parserOnHeadersComplete (node:_http_common:119:17)
9:34:19 AM [vite] Internal server error: ENOENT: no such file or directory, open '/var/www/html/controllaccess/node_modules/laravel-vite-plugin/dist/dev-server-index.html'
      at Object.openSync (node:fs:596:3)
      at Object.readFileSync (node:fs:464:35)
      at file:///var/www/html/controllaccess/node_modules/laravel-vite-plugin/dist/index.js:136:16
      at call (file:///var/www/html/controllaccess/node_modules/vite/dist/node/chunks/dep-9A4-l-43.js:44795:7)
      at next (file:///var/www/html/controllaccess/node_modules/vite/dist/node/chunks/dep-9A4-l-43.js:44739:5)
      at viteHtmlFallbackMiddleware (file:///var/www/html/controllaccess/node_modules/vite/dist/node/chunks/dep-9A4-l-43.js:59183:9)
      at call (file:///var/www/html/controllaccess/node_modules/vite/dist/node/chunks/dep-9A4-l-43.js:44795:7)
      at next (file:///var/www/html/controllaccess/node_modules/vite/dist/node/chunks/dep-9A4-l-43.js:44739:5)
      at viteServeStaticMiddleware (file:///var/www/html/controllaccess/node_modules/vite/dist/node/chunks/dep-9A4-l-43.js:49441:20)
      at call (file:///var/www/html/controllaccess/node_modules/vite/dist/node/chunks/dep-9A4-l-43.js:44795:7)
      at next (file:///var/www/html/controllaccess/node_modules/vite/dist/node/chunks/dep-9A4-l-43.js:44739:5)
      at viteServeRawFsMiddleware (file:///var/www/html/controllaccess/node_modules/vite/dist/node/chunks/dep-9A4-l-43.js:49501:13)
      at call (file:///var/www/html/controllaccess/node_modules/vite/dist/node/chunks/dep-9A4-l-43.js:44795:7)
      at next (file:///var/www/html/controllaccess/node_modules/vite/dist/node/chunks/dep-9A4-l-43.js:44739:5)
      at viteTransformMiddleware (file:///var/www/html/controllaccess/node_modules/vite/dist/node/chunks/dep-9A4-l-43.js:59254:20)
      at call (file:///var/www/html/controllaccess/node_modules/vite/dist/node/chunks/dep-9A4-l-43.js:44795:7)
      at next (file:///var/www/html/controllaccess/node_modules/vite/dist/node/chunks/dep-9A4-l-43.js:44739:5)
      at viteHMRPingMiddleware (file:///var/www/html/controllaccess/node_modules/vite/dist/node/chunks/dep-9A4-l-43.js:60622:13)
      at call (file:///var/www/html/controllaccess/node_modules/vite/dist/node/chunks/dep-9A4-l-43.js:44795:7)
      at next (file:///var/www/html/controllaccess/node_modules/vite/dist/node/chunks/dep-9A4-l-43.js:44739:5)
      at next (file:///var/www/html/controllaccess/node_modules/vite/dist/node/chunks/dep-9A4-l-43.js:44717:14)
      at cors (file:///var/www/html/controllaccess/node_modules/vite/dist/node/chunks/dep-9A4-l-43.js:45267:7)
      at file:///var/www/html/controllaccess/node_modules/vite/dist/node/chunks/dep-9A4-l-43.js:45303:17
      at originCallback (file:///var/www/html/controllaccess/node_modules/vite/dist/node/chunks/dep-9A4-l-43.js:45293:15)
      at file:///var/www/html/controllaccess/node_modules/vite/dist/node/chunks/dep-9A4-l-43.js:45298:13
      at optionsCallback (file:///var/www/html/controllaccess/node_modules/vite/dist/node/chunks/dep-9A4-l-43.js:45278:9)
      at corsMiddleware (file:///var/www/html/controllaccess/node_modules/vite/dist/node/chunks/dep-9A4-l-43.js:45283:7)
      at call (file:///var/www/html/controllaccess/node_modules/vite/dist/node/chunks/dep-9A4-l-43.js:44795:7)
      at next (file:///var/www/html/controllaccess/node_modules/vite/dist/node/chunks/dep-9A4-l-43.js:44739:5)
      at Function.handle (file:///var/www/html/controllaccess/node_modules/vite/dist/node/chunks/dep-9A4-l-43.js:44742:3)
      at Server.app (file:///var/www/html/controllaccess/node_modules/vite/dist/node/chunks/dep-9A4-l-43.js:44607:37)
      at Server.emit (node:events:517:28)
      at parserOnIncoming (node:_http_server:1123:12)
      at HTTPParser.parserOnHeadersComplete (node:_http_common:119:17)
5:26:49 AM [vite] Internal server error: ENOENT: no such file or directory, open '/var/www/html/controllaccess/node_modules/laravel-vite-plugin/dist/dev-server-index.html'
      at Object.openSync (node:fs:596:3)
      at Object.readFileSync (node:fs:464:35)
      at file:///var/www/html/controllaccess/node_modules/laravel-vite-plugin/dist/index.js:136:16
      at call (file:///var/www/html/controllaccess/node_modules/vite/dist/node/chunks/dep-9A4-l-43.js:44795:7)
      at next (file:///var/www/html/controllaccess/node_modules/vite/dist/node/chunks/dep-9A4-l-43.js:44739:5)
      at viteHtmlFallbackMiddleware (file:///var/www/html/controllaccess/node_modules/vite/dist/node/chunks/dep-9A4-l-43.js:59183:9)
      at call (file:///var/www/html/controllaccess/node_modules/vite/dist/node/chunks/dep-9A4-l-43.js:44795:7)
      at next (file:///var/www/html/controllaccess/node_modules/vite/dist/node/chunks/dep-9A4-l-43.js:44739:5)
      at viteServeStaticMiddleware (file:///var/www/html/controllaccess/node_modules/vite/dist/node/chunks/dep-9A4-l-43.js:49441:20)
      at call (file:///var/www/html/controllaccess/node_modules/vite/dist/node/chunks/dep-9A4-l-43.js:44795:7)
      at next (file:///var/www/html/controllaccess/node_modules/vite/dist/node/chunks/dep-9A4-l-43.js:44739:5)
      at viteServeRawFsMiddleware (file:///var/www/html/controllaccess/node_modules/vite/dist/node/chunks/dep-9A4-l-43.js:49501:13)
      at call (file:///var/www/html/controllaccess/node_modules/vite/dist/node/chunks/dep-9A4-l-43.js:44795:7)
      at next (file:///var/www/html/controllaccess/node_modules/vite/dist/node/chunks/dep-9A4-l-43.js:44739:5)
      at viteTransformMiddleware (file:///var/www/html/controllaccess/node_modules/vite/dist/node/chunks/dep-9A4-l-43.js:59254:20)
      at call (file:///var/www/html/controllaccess/node_modules/vite/dist/node/chunks/dep-9A4-l-43.js:44795:7)
      at next (file:///var/www/html/controllaccess/node_modules/vite/dist/node/chunks/dep-9A4-l-43.js:44739:5)
      at viteHMRPingMiddleware (file:///var/www/html/controllaccess/node_modules/vite/dist/node/chunks/dep-9A4-l-43.js:60622:13)
      at call (file:///var/www/html/controllaccess/node_modules/vite/dist/node/chunks/dep-9A4-l-43.js:44795:7)
      at next (file:///var/www/html/controllaccess/node_modules/vite/dist/node/chunks/dep-9A4-l-43.js:44739:5)
      at next (file:///var/www/html/controllaccess/node_modules/vite/dist/node/chunks/dep-9A4-l-43.js:44717:14)
      at cors (file:///var/www/html/controllaccess/node_modules/vite/dist/node/chunks/dep-9A4-l-43.js:45267:7)
      at file:///var/www/html/controllaccess/node_modules/vite/dist/node/chunks/dep-9A4-l-43.js:45303:17
      at originCallback (file:///var/www/html/controllaccess/node_modules/vite/dist/node/chunks/dep-9A4-l-43.js:45293:15)
      at file:///var/www/html/controllaccess/node_modules/vite/dist/node/chunks/dep-9A4-l-43.js:45298:13
      at optionsCallback (file:///var/www/html/controllaccess/node_modules/vite/dist/node/chunks/dep-9A4-l-43.js:45278:9)
      at corsMiddleware (file:///var/www/html/controllaccess/node_modules/vite/dist/node/chunks/dep-9A4-l-43.js:45283:7)
      at call (file:///var/www/html/controllaccess/node_modules/vite/dist/node/chunks/dep-9A4-l-43.js:44795:7)
      at next (file:///var/www/html/controllaccess/node_modules/vite/dist/node/chunks/dep-9A4-l-43.js:44739:5)
      at Function.handle (file:///var/www/html/controllaccess/node_modules/vite/dist/node/chunks/dep-9A4-l-43.js:44742:3)
      at Server.app (file:///var/www/html/controllaccess/node_modules/vite/dist/node/chunks/dep-9A4-l-43.js:44607:37)
      at Server.emit (node:events:517:28)
      at parserOnIncoming (node:_http_server:1123:12)
      at HTTPParser.parserOnHeadersComplete (node:_http_common:119:17)
8:03:58 PM [vite] Internal server error: ENOENT: no such file or directory, open '/var/www/html/controllaccess/node_modules/laravel-vite-plugin/dist/dev-server-index.html'
      at Object.openSync (node:fs:596:3)
      at Object.readFileSync (node:fs:464:35)
      at file:///var/www/html/controllaccess/node_modules/laravel-vite-plugin/dist/index.js:136:16
      at call (file:///var/www/html/controllaccess/node_modules/vite/dist/node/chunks/dep-9A4-l-43.js:44795:7)
      at next (file:///var/www/html/controllaccess/node_modules/vite/dist/node/chunks/dep-9A4-l-43.js:44739:5)
      at viteHtmlFallbackMiddleware (file:///var/www/html/controllaccess/node_modules/vite/dist/node/chunks/dep-9A4-l-43.js:59183:9)
      at call (file:///var/www/html/controllaccess/node_modules/vite/dist/node/chunks/dep-9A4-l-43.js:44795:7)
      at next (file:///var/www/html/controllaccess/node_modules/vite/dist/node/chunks/dep-9A4-l-43.js:44739:5)
      at viteServeStaticMiddleware (file:///var/www/html/controllaccess/node_modules/vite/dist/node/chunks/dep-9A4-l-43.js:49441:20)
      at call (file:///var/www/html/controllaccess/node_modules/vite/dist/node/chunks/dep-9A4-l-43.js:44795:7)
      at next (file:///var/www/html/controllaccess/node_modules/vite/dist/node/chunks/dep-9A4-l-43.js:44739:5)
      at viteServeRawFsMiddleware (file:///var/www/html/controllaccess/node_modules/vite/dist/node/chunks/dep-9A4-l-43.js:49501:13)
      at call (file:///var/www/html/controllaccess/node_modules/vite/dist/node/chunks/dep-9A4-l-43.js:44795:7)
      at next (file:///var/www/html/controllaccess/node_modules/vite/dist/node/chunks/dep-9A4-l-43.js:44739:5)
      at viteTransformMiddleware (file:///var/www/html/controllaccess/node_modules/vite/dist/node/chunks/dep-9A4-l-43.js:59254:20)
      at call (file:///var/www/html/controllaccess/node_modules/vite/dist/node/chunks/dep-9A4-l-43.js:44795:7)
      at next (file:///var/www/html/controllaccess/node_modules/vite/dist/node/chunks/dep-9A4-l-43.js:44739:5)
      at viteHMRPingMiddleware (file:///var/www/html/controllaccess/node_modules/vite/dist/node/chunks/dep-9A4-l-43.js:60622:13)
      at call (file:///var/www/html/controllaccess/node_modules/vite/dist/node/chunks/dep-9A4-l-43.js:44795:7)
      at next (file:///var/www/html/controllaccess/node_modules/vite/dist/node/chunks/dep-9A4-l-43.js:44739:5)
      at next (file:///var/www/html/controllaccess/node_modules/vite/dist/node/chunks/dep-9A4-l-43.js:44717:14)
      at cors (file:///var/www/html/controllaccess/node_modules/vite/dist/node/chunks/dep-9A4-l-43.js:45267:7)
      at file:///var/www/html/controllaccess/node_modules/vite/dist/node/chunks/dep-9A4-l-43.js:45303:17
      at originCallback (file:///var/www/html/controllaccess/node_modules/vite/dist/node/chunks/dep-9A4-l-43.js:45293:15)
      at file:///var/www/html/controllaccess/node_modules/vite/dist/node/chunks/dep-9A4-l-43.js:45298:13
      at optionsCallback (file:///var/www/html/controllaccess/node_modules/vite/dist/node/chunks/dep-9A4-l-43.js:45278:9)
      at corsMiddleware (file:///var/www/html/controllaccess/node_modules/vite/dist/node/chunks/dep-9A4-l-43.js:45283:7)
      at call (file:///var/www/html/controllaccess/node_modules/vite/dist/node/chunks/dep-9A4-l-43.js:44795:7)
      at next (file:///var/www/html/controllaccess/node_modules/vite/dist/node/chunks/dep-9A4-l-43.js:44739:5)
      at Function.handle (file:///var/www/html/controllaccess/node_modules/vite/dist/node/chunks/dep-9A4-l-43.js:44742:3)
      at Server.app (file:///var/www/html/controllaccess/node_modules/vite/dist/node/chunks/dep-9A4-l-43.js:44607:37)
      at Server.emit (node:events:517:28)
      at parserOnIncoming (node:_http_server:1123:12)
      at HTTPParser.parserOnHeadersComplete (node:_http_common:119:17)
7:37:11 PM [vite] Internal server error: ENOENT: no such file or directory, open '/var/www/html/controllaccess/node_modules/laravel-vite-plugin/dist/dev-server-index.html'
      at Object.openSync (node:fs:596:3)
      at Object.readFileSync (node:fs:464:35)
      at file:///var/www/html/controllaccess/node_modules/laravel-vite-plugin/dist/index.js:136:16
      at call (file:///var/www/html/controllaccess/node_modules/vite/dist/node/chunks/dep-9A4-l-43.js:44795:7)
      at next (file:///var/www/html/controllaccess/node_modules/vite/dist/node/chunks/dep-9A4-l-43.js:44739:5)
      at viteHtmlFallbackMiddleware (file:///var/www/html/controllaccess/node_modules/vite/dist/node/chunks/dep-9A4-l-43.js:59183:9)
      at call (file:///var/www/html/controllaccess/node_modules/vite/dist/node/chunks/dep-9A4-l-43.js:44795:7)
      at next (file:///var/www/html/controllaccess/node_modules/vite/dist/node/chunks/dep-9A4-l-43.js:44739:5)
      at viteServeStaticMiddleware (file:///var/www/html/controllaccess/node_modules/vite/dist/node/chunks/dep-9A4-l-43.js:49441:20)
      at call (file:///var/www/html/controllaccess/node_modules/vite/dist/node/chunks/dep-9A4-l-43.js:44795:7)
      at next (file:///var/www/html/controllaccess/node_modules/vite/dist/node/chunks/dep-9A4-l-43.js:44739:5)
      at viteServeRawFsMiddleware (file:///var/www/html/controllaccess/node_modules/vite/dist/node/chunks/dep-9A4-l-43.js:49501:13)
      at call (file:///var/www/html/controllaccess/node_modules/vite/dist/node/chunks/dep-9A4-l-43.js:44795:7)
      at next (file:///var/www/html/controllaccess/node_modules/vite/dist/node/chunks/dep-9A4-l-43.js:44739:5)
      at viteTransformMiddleware (file:///var/www/html/controllaccess/node_modules/vite/dist/node/chunks/dep-9A4-l-43.js:59254:20)
      at call (file:///var/www/html/controllaccess/node_modules/vite/dist/node/chunks/dep-9A4-l-43.js:44795:7)
      at next (file:///var/www/html/controllaccess/node_modules/vite/dist/node/chunks/dep-9A4-l-43.js:44739:5)
      at viteHMRPingMiddleware (file:///var/www/html/controllaccess/node_modules/vite/dist/node/chunks/dep-9A4-l-43.js:60622:13)
      at call (file:///var/www/html/controllaccess/node_modules/vite/dist/node/chunks/dep-9A4-l-43.js:44795:7)
      at next (file:///var/www/html/controllaccess/node_modules/vite/dist/node/chunks/dep-9A4-l-43.js:44739:5)
      at next (file:///var/www/html/controllaccess/node_modules/vite/dist/node/chunks/dep-9A4-l-43.js:44717:14)
      at cors (file:///var/www/html/controllaccess/node_modules/vite/dist/node/chunks/dep-9A4-l-43.js:45267:7)
      at file:///var/www/html/controllaccess/node_modules/vite/dist/node/chunks/dep-9A4-l-43.js:45303:17
      at originCallback (file:///var/www/html/controllaccess/node_modules/vite/dist/node/chunks/dep-9A4-l-43.js:45293:15)
      at file:///var/www/html/controllaccess/node_modules/vite/dist/node/chunks/dep-9A4-l-43.js:45298:13
      at optionsCallback (file:///var/www/html/controllaccess/node_modules/vite/dist/node/chunks/dep-9A4-l-43.js:45278:9)
      at corsMiddleware (file:///var/www/html/controllaccess/node_modules/vite/dist/node/chunks/dep-9A4-l-43.js:45283:7)
      at call (file:///var/www/html/controllaccess/node_modules/vite/dist/node/chunks/dep-9A4-l-43.js:44795:7)
      at next (file:///var/www/html/controllaccess/node_modules/vite/dist/node/chunks/dep-9A4-l-43.js:44739:5)
      at Function.handle (file:///var/www/html/controllaccess/node_modules/vite/dist/node/chunks/dep-9A4-l-43.js:44742:3)
      at Server.app (file:///var/www/html/controllaccess/node_modules/vite/dist/node/chunks/dep-9A4-l-43.js:44607:37)
      at Server.emit (node:events:517:28)
      at parserOnIncoming (node:_http_server:1123:12)
      at HTTPParser.parserOnHeadersComplete (node:_http_common:119:17)
12:38:01 AM [vite] Internal server error: ENOENT: no such file or directory, open '/var/www/html/controllaccess/node_modules/laravel-vite-plugin/dist/dev-server-index.html'
      at Object.openSync (node:fs:596:3)
      at Object.readFileSync (node:fs:464:35)
      at file:///var/www/html/controllaccess/node_modules/laravel-vite-plugin/dist/index.js:136:16
      at call (file:///var/www/html/controllaccess/node_modules/vite/dist/node/chunks/dep-9A4-l-43.js:44795:7)
      at next (file:///var/www/html/controllaccess/node_modules/vite/dist/node/chunks/dep-9A4-l-43.js:44739:5)
      at viteHtmlFallbackMiddleware (file:///var/www/html/controllaccess/node_modules/vite/dist/node/chunks/dep-9A4-l-43.js:59183:9)
      at call (file:///var/www/html/controllaccess/node_modules/vite/dist/node/chunks/dep-9A4-l-43.js:44795:7)
      at next (file:///var/www/html/controllaccess/node_modules/vite/dist/node/chunks/dep-9A4-l-43.js:44739:5)
      at viteServeStaticMiddleware (file:///var/www/html/controllaccess/node_modules/vite/dist/node/chunks/dep-9A4-l-43.js:49441:20)
      at call (file:///var/www/html/controllaccess/node_modules/vite/dist/node/chunks/dep-9A4-l-43.js:44795:7)
      at next (file:///var/www/html/controllaccess/node_modules/vite/dist/node/chunks/dep-9A4-l-43.js:44739:5)
      at viteServeRawFsMiddleware (file:///var/www/html/controllaccess/node_modules/vite/dist/node/chunks/dep-9A4-l-43.js:49501:13)
      at call (file:///var/www/html/controllaccess/node_modules/vite/dist/node/chunks/dep-9A4-l-43.js:44795:7)
      at next (file:///var/www/html/controllaccess/node_modules/vite/dist/node/chunks/dep-9A4-l-43.js:44739:5)
      at viteTransformMiddleware (file:///var/www/html/controllaccess/node_modules/vite/dist/node/chunks/dep-9A4-l-43.js:59254:20)
      at call (file:///var/www/html/controllaccess/node_modules/vite/dist/node/chunks/dep-9A4-l-43.js:44795:7)
      at next (file:///var/www/html/controllaccess/node_modules/vite/dist/node/chunks/dep-9A4-l-43.js:44739:5)
      at viteHMRPingMiddleware (file:///var/www/html/controllaccess/node_modules/vite/dist/node/chunks/dep-9A4-l-43.js:60622:13)
      at call (file:///var/www/html/controllaccess/node_modules/vite/dist/node/chunks/dep-9A4-l-43.js:44795:7)
      at next (file:///var/www/html/controllaccess/node_modules/vite/dist/node/chunks/dep-9A4-l-43.js:44739:5)
      at next (file:///var/www/html/controllaccess/node_modules/vite/dist/node/chunks/dep-9A4-l-43.js:44717:14)
      at cors (file:///var/www/html/controllaccess/node_modules/vite/dist/node/chunks/dep-9A4-l-43.js:45267:7)
      at file:///var/www/html/controllaccess/node_modules/vite/dist/node/chunks/dep-9A4-l-43.js:45303:17
      at originCallback (file:///var/www/html/controllaccess/node_modules/vite/dist/node/chunks/dep-9A4-l-43.js:45293:15)
      at file:///var/www/html/controllaccess/node_modules/vite/dist/node/chunks/dep-9A4-l-43.js:45298:13
      at optionsCallback (file:///var/www/html/controllaccess/node_modules/vite/dist/node/chunks/dep-9A4-l-43.js:45278:9)
      at corsMiddleware (file:///var/www/html/controllaccess/node_modules/vite/dist/node/chunks/dep-9A4-l-43.js:45283:7)
      at call (file:///var/www/html/controllaccess/node_modules/vite/dist/node/chunks/dep-9A4-l-43.js:44795:7)
      at next (file:///var/www/html/controllaccess/node_modules/vite/dist/node/chunks/dep-9A4-l-43.js:44739:5)
      at Function.handle (file:///var/www/html/controllaccess/node_modules/vite/dist/node/chunks/dep-9A4-l-43.js:44742:3)
      at Server.app (file:///var/www/html/controllaccess/node_modules/vite/dist/node/chunks/dep-9A4-l-43.js:44607:37)
      at Server.emit (node:events:517:28)
      at parserOnIncoming (node:_http_server:1123:12)
      at HTTPParser.parserOnHeadersComplete (node:_http_common:119:17)
3:53:12 AM [vite] Internal server error: ENOENT: no such file or directory, open '/var/www/html/controllaccess/node_modules/laravel-vite-plugin/dist/dev-server-index.html'
      at Object.openSync (node:fs:596:3)
      at Object.readFileSync (node:fs:464:35)
      at file:///var/www/html/controllaccess/node_modules/laravel-vite-plugin/dist/index.js:136:16
      at call (file:///var/www/html/controllaccess/node_modules/vite/dist/node/chunks/dep-9A4-l-43.js:44795:7)
      at next (file:///var/www/html/controllaccess/node_modules/vite/dist/node/chunks/dep-9A4-l-43.js:44739:5)
      at viteHtmlFallbackMiddleware (file:///var/www/html/controllaccess/node_modules/vite/dist/node/chunks/dep-9A4-l-43.js:59183:9)
      at call (file:///var/www/html/controllaccess/node_modules/vite/dist/node/chunks/dep-9A4-l-43.js:44795:7)
      at next (file:///var/www/html/controllaccess/node_modules/vite/dist/node/chunks/dep-9A4-l-43.js:44739:5)
      at file:///var/www/html/controllaccess/node_modules/vite/dist/node/chunks/dep-9A4-l-43.js:49356:28
      at viteServeStaticMiddleware (file:///var/www/html/controllaccess/node_modules/vite/dist/node/chunks/dep-9A4-l-43.js:49475:9)
      at call (file:///var/www/html/controllaccess/node_modules/vite/dist/node/chunks/dep-9A4-l-43.js:44795:7)
      at next (file:///var/www/html/controllaccess/node_modules/vite/dist/node/chunks/dep-9A4-l-43.js:44739:5)
      at viteServeRawFsMiddleware (file:///var/www/html/controllaccess/node_modules/vite/dist/node/chunks/dep-9A4-l-43.js:49501:13)
      at call (file:///var/www/html/controllaccess/node_modules/vite/dist/node/chunks/dep-9A4-l-43.js:44795:7)
      at next (file:///var/www/html/controllaccess/node_modules/vite/dist/node/chunks/dep-9A4-l-43.js:44739:5)
      at viteTransformMiddleware (file:///var/www/html/controllaccess/node_modules/vite/dist/node/chunks/dep-9A4-l-43.js:59407:9)
      at call (file:///var/www/html/controllaccess/node_modules/vite/dist/node/chunks/dep-9A4-l-43.js:44795:7)
      at next (file:///var/www/html/controllaccess/node_modules/vite/dist/node/chunks/dep-9A4-l-43.js:44739:5)
      at viteHMRPingMiddleware (file:///var/www/html/controllaccess/node_modules/vite/dist/node/chunks/dep-9A4-l-43.js:60622:13)
      at call (file:///var/www/html/controllaccess/node_modules/vite/dist/node/chunks/dep-9A4-l-43.js:44795:7)
      at next (file:///var/www/html/controllaccess/node_modules/vite/dist/node/chunks/dep-9A4-l-43.js:44739:5)
      at next (file:///var/www/html/controllaccess/node_modules/vite/dist/node/chunks/dep-9A4-l-43.js:44717:14)
      at cors (file:///var/www/html/controllaccess/node_modules/vite/dist/node/chunks/dep-9A4-l-43.js:45267:7)
      at file:///var/www/html/controllaccess/node_modules/vite/dist/node/chunks/dep-9A4-l-43.js:45303:17
      at originCallback (file:///var/www/html/controllaccess/node_modules/vite/dist/node/chunks/dep-9A4-l-43.js:45293:15)
      at file:///var/www/html/controllaccess/node_modules/vite/dist/node/chunks/dep-9A4-l-43.js:45298:13
      at optionsCallback (file:///var/www/html/controllaccess/node_modules/vite/dist/node/chunks/dep-9A4-l-43.js:45278:9)
      at corsMiddleware (file:///var/www/html/controllaccess/node_modules/vite/dist/node/chunks/dep-9A4-l-43.js:45283:7)
      at call (file:///var/www/html/controllaccess/node_modules/vite/dist/node/chunks/dep-9A4-l-43.js:44795:7)
      at next (file:///var/www/html/controllaccess/node_modules/vite/dist/node/chunks/dep-9A4-l-43.js:44739:5)
      at Function.handle (file:///var/www/html/controllaccess/node_modules/vite/dist/node/chunks/dep-9A4-l-43.js:44742:3)
      at Server.app (file:///var/www/html/controllaccess/node_modules/vite/dist/node/chunks/dep-9A4-l-43.js:44607:37)
      at Server.emit (node:events:517:28)
      at parserOnIncoming (node:_http_server:1123:12)
      at HTTPParser.parserOnHeadersComplete (node:_http_common:119:17)
5:06:39 AM [vite] Internal server error: ENOENT: no such file or directory, open '/var/www/html/controllaccess/node_modules/laravel-vite-plugin/dist/dev-server-index.html'
      at Object.openSync (node:fs:596:3)
      at Object.readFileSync (node:fs:464:35)
      at file:///var/www/html/controllaccess/node_modules/laravel-vite-plugin/dist/index.js:136:16
      at call (file:///var/www/html/controllaccess/node_modules/vite/dist/node/chunks/dep-9A4-l-43.js:44795:7)
      at next (file:///var/www/html/controllaccess/node_modules/vite/dist/node/chunks/dep-9A4-l-43.js:44739:5)
      at viteHtmlFallbackMiddleware (file:///var/www/html/controllaccess/node_modules/vite/dist/node/chunks/dep-9A4-l-43.js:59183:9)
      at call (file:///var/www/html/controllaccess/node_modules/vite/dist/node/chunks/dep-9A4-l-43.js:44795:7)
      at next (file:///var/www/html/controllaccess/node_modules/vite/dist/node/chunks/dep-9A4-l-43.js:44739:5)
      at viteServeStaticMiddleware (file:///var/www/html/controllaccess/node_modules/vite/dist/node/chunks/dep-9A4-l-43.js:49441:20)
      at call (file:///var/www/html/controllaccess/node_modules/vite/dist/node/chunks/dep-9A4-l-43.js:44795:7)
      at next (file:///var/www/html/controllaccess/node_modules/vite/dist/node/chunks/dep-9A4-l-43.js:44739:5)
      at viteServeRawFsMiddleware (file:///var/www/html/controllaccess/node_modules/vite/dist/node/chunks/dep-9A4-l-43.js:49501:13)
      at call (file:///var/www/html/controllaccess/node_modules/vite/dist/node/chunks/dep-9A4-l-43.js:44795:7)
      at next (file:///var/www/html/controllaccess/node_modules/vite/dist/node/chunks/dep-9A4-l-43.js:44739:5)
      at viteTransformMiddleware (file:///var/www/html/controllaccess/node_modules/vite/dist/node/chunks/dep-9A4-l-43.js:59254:20)
      at call (file:///var/www/html/controllaccess/node_modules/vite/dist/node/chunks/dep-9A4-l-43.js:44795:7)
      at next (file:///var/www/html/controllaccess/node_modules/vite/dist/node/chunks/dep-9A4-l-43.js:44739:5)
      at viteHMRPingMiddleware (file:///var/www/html/controllaccess/node_modules/vite/dist/node/chunks/dep-9A4-l-43.js:60622:13)
      at call (file:///var/www/html/controllaccess/node_modules/vite/dist/node/chunks/dep-9A4-l-43.js:44795:7)
      at next (file:///var/www/html/controllaccess/node_modules/vite/dist/node/chunks/dep-9A4-l-43.js:44739:5)
      at next (file:///var/www/html/controllaccess/node_modules/vite/dist/node/chunks/dep-9A4-l-43.js:44717:14)
      at cors (file:///var/www/html/controllaccess/node_modules/vite/dist/node/chunks/dep-9A4-l-43.js:45267:7)
      at file:///var/www/html/controllaccess/node_modules/vite/dist/node/chunks/dep-9A4-l-43.js:45303:17
      at originCallback (file:///var/www/html/controllaccess/node_modules/vite/dist/node/chunks/dep-9A4-l-43.js:45293:15)
      at file:///var/www/html/controllaccess/node_modules/vite/dist/node/chunks/dep-9A4-l-43.js:45298:13
      at optionsCallback (file:///var/www/html/controllaccess/node_modules/vite/dist/node/chunks/dep-9A4-l-43.js:45278:9)
      at corsMiddleware (file:///var/www/html/controllaccess/node_modules/vite/dist/node/chunks/dep-9A4-l-43.js:45283:7)
      at call (file:///var/www/html/controllaccess/node_modules/vite/dist/node/chunks/dep-9A4-l-43.js:44795:7)
      at next (file:///var/www/html/controllaccess/node_modules/vite/dist/node/chunks/dep-9A4-l-43.js:44739:5)
      at Function.handle (file:///var/www/html/controllaccess/node_modules/vite/dist/node/chunks/dep-9A4-l-43.js:44742:3)
      at Server.app (file:///var/www/html/controllaccess/node_modules/vite/dist/node/chunks/dep-9A4-l-43.js:44607:37)
      at Server.emit (node:events:517:28)
      at parserOnIncoming (node:_http_server:1123:12)
      at HTTPParser.parserOnHeadersComplete (node:_http_common:119:17)
1:49:14 PM [vite] Internal server error: ENOENT: no such file or directory, open '/var/www/html/controllaccess/node_modules/laravel-vite-plugin/dist/dev-server-index.html'
      at Object.openSync (node:fs:596:3)
      at Object.readFileSync (node:fs:464:35)
      at file:///var/www/html/controllaccess/node_modules/laravel-vite-plugin/dist/index.js:136:16
      at call (file:///var/www/html/controllaccess/node_modules/vite/dist/node/chunks/dep-9A4-l-43.js:44795:7)
      at next (file:///var/www/html/controllaccess/node_modules/vite/dist/node/chunks/dep-9A4-l-43.js:44739:5)
      at viteHtmlFallbackMiddleware (file:///var/www/html/controllaccess/node_modules/vite/dist/node/chunks/dep-9A4-l-43.js:59183:9)
      at call (file:///var/www/html/controllaccess/node_modules/vite/dist/node/chunks/dep-9A4-l-43.js:44795:7)
      at next (file:///var/www/html/controllaccess/node_modules/vite/dist/node/chunks/dep-9A4-l-43.js:44739:5)
      at file:///var/www/html/controllaccess/node_modules/vite/dist/node/chunks/dep-9A4-l-43.js:49356:28
      at viteServeStaticMiddleware (file:///var/www/html/controllaccess/node_modules/vite/dist/node/chunks/dep-9A4-l-43.js:49475:9)
      at call (file:///var/www/html/controllaccess/node_modules/vite/dist/node/chunks/dep-9A4-l-43.js:44795:7)
      at next (file:///var/www/html/controllaccess/node_modules/vite/dist/node/chunks/dep-9A4-l-43.js:44739:5)
      at viteServeRawFsMiddleware (file:///var/www/html/controllaccess/node_modules/vite/dist/node/chunks/dep-9A4-l-43.js:49501:13)
      at call (file:///var/www/html/controllaccess/node_modules/vite/dist/node/chunks/dep-9A4-l-43.js:44795:7)
      at next (file:///var/www/html/controllaccess/node_modules/vite/dist/node/chunks/dep-9A4-l-43.js:44739:5)
      at viteTransformMiddleware (file:///var/www/html/controllaccess/node_modules/vite/dist/node/chunks/dep-9A4-l-43.js:59407:9)
      at call (file:///var/www/html/controllaccess/node_modules/vite/dist/node/chunks/dep-9A4-l-43.js:44795:7)
      at next (file:///var/www/html/controllaccess/node_modules/vite/dist/node/chunks/dep-9A4-l-43.js:44739:5)
      at viteHMRPingMiddleware (file:///var/www/html/controllaccess/node_modules/vite/dist/node/chunks/dep-9A4-l-43.js:60622:13)
      at call (file:///var/www/html/controllaccess/node_modules/vite/dist/node/chunks/dep-9A4-l-43.js:44795:7)
      at next (file:///var/www/html/controllaccess/node_modules/vite/dist/node/chunks/dep-9A4-l-43.js:44739:5)
      at next (file:///var/www/html/controllaccess/node_modules/vite/dist/node/chunks/dep-9A4-l-43.js:44717:14)
      at cors (file:///var/www/html/controllaccess/node_modules/vite/dist/node/chunks/dep-9A4-l-43.js:45267:7)
      at file:///var/www/html/controllaccess/node_modules/vite/dist/node/chunks/dep-9A4-l-43.js:45303:17
      at originCallback (file:///var/www/html/controllaccess/node_modules/vite/dist/node/chunks/dep-9A4-l-43.js:45293:15)
      at file:///var/www/html/controllaccess/node_modules/vite/dist/node/chunks/dep-9A4-l-43.js:45298:13
      at optionsCallback (file:///var/www/html/controllaccess/node_modules/vite/dist/node/chunks/dep-9A4-l-43.js:45278:9)
      at corsMiddleware (file:///var/www/html/controllaccess/node_modules/vite/dist/node/chunks/dep-9A4-l-43.js:45283:7)
      at call (file:///var/www/html/controllaccess/node_modules/vite/dist/node/chunks/dep-9A4-l-43.js:44795:7)
      at next (file:///var/www/html/controllaccess/node_modules/vite/dist/node/chunks/dep-9A4-l-43.js:44739:5)
      at Function.handle (file:///var/www/html/controllaccess/node_modules/vite/dist/node/chunks/dep-9A4-l-43.js:44742:3)
      at Server.app (file:///var/www/html/controllaccess/node_modules/vite/dist/node/chunks/dep-9A4-l-43.js:44607:37)
      at Server.emit (node:events:517:28)
      at parserOnIncoming (node:_http_server:1123:12)
      at HTTPParser.parserOnHeadersComplete (node:_http_common:119:17)
12:42:36 AM [vite] Internal server error: ENOENT: no such file or directory, open '/var/www/html/controllaccess/node_modules/laravel-vite-plugin/dist/dev-server-index.html'
      at Object.openSync (node:fs:596:3)
      at Object.readFileSync (node:fs:464:35)
      at file:///var/www/html/controllaccess/node_modules/laravel-vite-plugin/dist/index.js:136:16
      at call (file:///var/www/html/controllaccess/node_modules/vite/dist/node/chunks/dep-9A4-l-43.js:44795:7)
      at next (file:///var/www/html/controllaccess/node_modules/vite/dist/node/chunks/dep-9A4-l-43.js:44739:5)
      at viteHtmlFallbackMiddleware (file:///var/www/html/controllaccess/node_modules/vite/dist/node/chunks/dep-9A4-l-43.js:59183:9)
      at call (file:///var/www/html/controllaccess/node_modules/vite/dist/node/chunks/dep-9A4-l-43.js:44795:7)
      at next (file:///var/www/html/controllaccess/node_modules/vite/dist/node/chunks/dep-9A4-l-43.js:44739:5)
      at viteServeStaticMiddleware (file:///var/www/html/controllaccess/node_modules/vite/dist/node/chunks/dep-9A4-l-43.js:49441:20)
      at call (file:///var/www/html/controllaccess/node_modules/vite/dist/node/chunks/dep-9A4-l-43.js:44795:7)
      at next (file:///var/www/html/controllaccess/node_modules/vite/dist/node/chunks/dep-9A4-l-43.js:44739:5)
      at viteServeRawFsMiddleware (file:///var/www/html/controllaccess/node_modules/vite/dist/node/chunks/dep-9A4-l-43.js:49501:13)
      at call (file:///var/www/html/controllaccess/node_modules/vite/dist/node/chunks/dep-9A4-l-43.js:44795:7)
      at next (file:///var/www/html/controllaccess/node_modules/vite/dist/node/chunks/dep-9A4-l-43.js:44739:5)
      at viteTransformMiddleware (file:///var/www/html/controllaccess/node_modules/vite/dist/node/chunks/dep-9A4-l-43.js:59254:20)
      at call (file:///var/www/html/controllaccess/node_modules/vite/dist/node/chunks/dep-9A4-l-43.js:44795:7)
      at next (file:///var/www/html/controllaccess/node_modules/vite/dist/node/chunks/dep-9A4-l-43.js:44739:5)
      at viteHMRPingMiddleware (file:///var/www/html/controllaccess/node_modules/vite/dist/node/chunks/dep-9A4-l-43.js:60622:13)
      at call (file:///var/www/html/controllaccess/node_modules/vite/dist/node/chunks/dep-9A4-l-43.js:44795:7)
      at next (file:///var/www/html/controllaccess/node_modules/vite/dist/node/chunks/dep-9A4-l-43.js:44739:5)
      at next (file:///var/www/html/controllaccess/node_modules/vite/dist/node/chunks/dep-9A4-l-43.js:44717:14)
      at cors (file:///var/www/html/controllaccess/node_modules/vite/dist/node/chunks/dep-9A4-l-43.js:45267:7)
      at file:///var/www/html/controllaccess/node_modules/vite/dist/node/chunks/dep-9A4-l-43.js:45303:17
      at originCallback (file:///var/www/html/controllaccess/node_modules/vite/dist/node/chunks/dep-9A4-l-43.js:45293:15)
      at file:///var/www/html/controllaccess/node_modules/vite/dist/node/chunks/dep-9A4-l-43.js:45298:13
      at optionsCallback (file:///var/www/html/controllaccess/node_modules/vite/dist/node/chunks/dep-9A4-l-43.js:45278:9)
      at corsMiddleware (file:///var/www/html/controllaccess/node_modules/vite/dist/node/chunks/dep-9A4-l-43.js:45283:7)
      at call (file:///var/www/html/controllaccess/node_modules/vite/dist/node/chunks/dep-9A4-l-43.js:44795:7)
      at next (file:///var/www/html/controllaccess/node_modules/vite/dist/node/chunks/dep-9A4-l-43.js:44739:5)
      at Function.handle (file:///var/www/html/controllaccess/node_modules/vite/dist/node/chunks/dep-9A4-l-43.js:44742:3)
      at Server.app (file:///var/www/html/controllaccess/node_modules/vite/dist/node/chunks/dep-9A4-l-43.js:44607:37)
      at Server.emit (node:events:517:28)
      at parserOnIncoming (node:_http_server:1123:12)
      at HTTPParser.parserOnHeadersComplete (node:_http_common:119:17)
1:56:00 AM [vite] Internal server error: ENOENT: no such file or directory, open '/var/www/html/controllaccess/node_modules/laravel-vite-plugin/dist/dev-server-index.html'
      at Object.openSync (node:fs:596:3)
      at Object.readFileSync (node:fs:464:35)
      at file:///var/www/html/controllaccess/node_modules/laravel-vite-plugin/dist/index.js:136:16
      at call (file:///var/www/html/controllaccess/node_modules/vite/dist/node/chunks/dep-9A4-l-43.js:44795:7)
      at next (file:///var/www/html/controllaccess/node_modules/vite/dist/node/chunks/dep-9A4-l-43.js:44739:5)
      at viteHtmlFallbackMiddleware (file:///var/www/html/controllaccess/node_modules/vite/dist/node/chunks/dep-9A4-l-43.js:59183:9)
      at call (file:///var/www/html/controllaccess/node_modules/vite/dist/node/chunks/dep-9A4-l-43.js:44795:7)
      at next (file:///var/www/html/controllaccess/node_modules/vite/dist/node/chunks/dep-9A4-l-43.js:44739:5)
      at viteServeStaticMiddleware (file:///var/www/html/controllaccess/node_modules/vite/dist/node/chunks/dep-9A4-l-43.js:49441:20)
      at call (file:///var/www/html/controllaccess/node_modules/vite/dist/node/chunks/dep-9A4-l-43.js:44795:7)
      at next (file:///var/www/html/controllaccess/node_modules/vite/dist/node/chunks/dep-9A4-l-43.js:44739:5)
      at viteServeRawFsMiddleware (file:///var/www/html/controllaccess/node_modules/vite/dist/node/chunks/dep-9A4-l-43.js:49501:13)
      at call (file:///var/www/html/controllaccess/node_modules/vite/dist/node/chunks/dep-9A4-l-43.js:44795:7)
      at next (file:///var/www/html/controllaccess/node_modules/vite/dist/node/chunks/dep-9A4-l-43.js:44739:5)
      at viteTransformMiddleware (file:///var/www/html/controllaccess/node_modules/vite/dist/node/chunks/dep-9A4-l-43.js:59254:20)
      at call (file:///var/www/html/controllaccess/node_modules/vite/dist/node/chunks/dep-9A4-l-43.js:44795:7)
      at next (file:///var/www/html/controllaccess/node_modules/vite/dist/node/chunks/dep-9A4-l-43.js:44739:5)
      at viteHMRPingMiddleware (file:///var/www/html/controllaccess/node_modules/vite/dist/node/chunks/dep-9A4-l-43.js:60622:13)
      at call (file:///var/www/html/controllaccess/node_modules/vite/dist/node/chunks/dep-9A4-l-43.js:44795:7)
      at next (file:///var/www/html/controllaccess/node_modules/vite/dist/node/chunks/dep-9A4-l-43.js:44739:5)
      at next (file:///var/www/html/controllaccess/node_modules/vite/dist/node/chunks/dep-9A4-l-43.js:44717:14)
      at cors (file:///var/www/html/controllaccess/node_modules/vite/dist/node/chunks/dep-9A4-l-43.js:45267:7)
      at file:///var/www/html/controllaccess/node_modules/vite/dist/node/chunks/dep-9A4-l-43.js:45303:17
      at originCallback (file:///var/www/html/controllaccess/node_modules/vite/dist/node/chunks/dep-9A4-l-43.js:45293:15)
      at file:///var/www/html/controllaccess/node_modules/vite/dist/node/chunks/dep-9A4-l-43.js:45298:13
      at optionsCallback (file:///var/www/html/controllaccess/node_modules/vite/dist/node/chunks/dep-9A4-l-43.js:45278:9)
      at corsMiddleware (file:///var/www/html/controllaccess/node_modules/vite/dist/node/chunks/dep-9A4-l-43.js:45283:7)
      at call (file:///var/www/html/controllaccess/node_modules/vite/dist/node/chunks/dep-9A4-l-43.js:44795:7)
      at next (file:///var/www/html/controllaccess/node_modules/vite/dist/node/chunks/dep-9A4-l-43.js:44739:5)
      at Function.handle (file:///var/www/html/controllaccess/node_modules/vite/dist/node/chunks/dep-9A4-l-43.js:44742:3)
      at Server.app (file:///var/www/html/controllaccess/node_modules/vite/dist/node/chunks/dep-9A4-l-43.js:44607:37)
      at Server.emit (node:events:517:28)
      at parserOnIncoming (node:_http_server:1123:12)
      at HTTPParser.parserOnHeadersComplete (node:_http_common:119:17)
2:36:41 AM [vite] Internal server error: ENOENT: no such file or directory, open '/var/www/html/controllaccess/node_modules/laravel-vite-plugin/dist/dev-server-index.html'
      at Object.openSync (node:fs:596:3)
      at Object.readFileSync (node:fs:464:35)
      at file:///var/www/html/controllaccess/node_modules/laravel-vite-plugin/dist/index.js:136:16
      at call (file:///var/www/html/controllaccess/node_modules/vite/dist/node/chunks/dep-9A4-l-43.js:44795:7)
      at next (file:///var/www/html/controllaccess/node_modules/vite/dist/node/chunks/dep-9A4-l-43.js:44739:5)
      at viteHtmlFallbackMiddleware (file:///var/www/html/controllaccess/node_modules/vite/dist/node/chunks/dep-9A4-l-43.js:59183:9)
      at call (file:///var/www/html/controllaccess/node_modules/vite/dist/node/chunks/dep-9A4-l-43.js:44795:7)
      at next (file:///var/www/html/controllaccess/node_modules/vite/dist/node/chunks/dep-9A4-l-43.js:44739:5)
      at viteServeStaticMiddleware (file:///var/www/html/controllaccess/node_modules/vite/dist/node/chunks/dep-9A4-l-43.js:49441:20)
      at call (file:///var/www/html/controllaccess/node_modules/vite/dist/node/chunks/dep-9A4-l-43.js:44795:7)
      at next (file:///var/www/html/controllaccess/node_modules/vite/dist/node/chunks/dep-9A4-l-43.js:44739:5)
      at viteServeRawFsMiddleware (file:///var/www/html/controllaccess/node_modules/vite/dist/node/chunks/dep-9A4-l-43.js:49501:13)
      at call (file:///var/www/html/controllaccess/node_modules/vite/dist/node/chunks/dep-9A4-l-43.js:44795:7)
      at next (file:///var/www/html/controllaccess/node_modules/vite/dist/node/chunks/dep-9A4-l-43.js:44739:5)
      at viteTransformMiddleware (file:///var/www/html/controllaccess/node_modules/vite/dist/node/chunks/dep-9A4-l-43.js:59254:20)
      at call (file:///var/www/html/controllaccess/node_modules/vite/dist/node/chunks/dep-9A4-l-43.js:44795:7)
      at next (file:///var/www/html/controllaccess/node_modules/vite/dist/node/chunks/dep-9A4-l-43.js:44739:5)
      at viteHMRPingMiddleware (file:///var/www/html/controllaccess/node_modules/vite/dist/node/chunks/dep-9A4-l-43.js:60622:13)
      at call (file:///var/www/html/controllaccess/node_modules/vite/dist/node/chunks/dep-9A4-l-43.js:44795:7)
      at next (file:///var/www/html/controllaccess/node_modules/vite/dist/node/chunks/dep-9A4-l-43.js:44739:5)
      at next (file:///var/www/html/controllaccess/node_modules/vite/dist/node/chunks/dep-9A4-l-43.js:44717:14)
      at cors (file:///var/www/html/controllaccess/node_modules/vite/dist/node/chunks/dep-9A4-l-43.js:45267:7)
      at file:///var/www/html/controllaccess/node_modules/vite/dist/node/chunks/dep-9A4-l-43.js:45303:17
      at originCallback (file:///var/www/html/controllaccess/node_modules/vite/dist/node/chunks/dep-9A4-l-43.js:45293:15)
      at file:///var/www/html/controllaccess/node_modules/vite/dist/node/chunks/dep-9A4-l-43.js:45298:13
      at optionsCallback (file:///var/www/html/controllaccess/node_modules/vite/dist/node/chunks/dep-9A4-l-43.js:45278:9)
      at corsMiddleware (file:///var/www/html/controllaccess/node_modules/vite/dist/node/chunks/dep-9A4-l-43.js:45283:7)
      at call (file:///var/www/html/controllaccess/node_modules/vite/dist/node/chunks/dep-9A4-l-43.js:44795:7)
      at next (file:///var/www/html/controllaccess/node_modules/vite/dist/node/chunks/dep-9A4-l-43.js:44739:5)
      at Function.handle (file:///var/www/html/controllaccess/node_modules/vite/dist/node/chunks/dep-9A4-l-43.js:44742:3)
      at Server.app (file:///var/www/html/controllaccess/node_modules/vite/dist/node/chunks/dep-9A4-l-43.js:44607:37)
      at Server.emit (node:events:517:28)
      at parserOnIncoming (node:_http_server:1123:12)
      at HTTPParser.parserOnHeadersComplete (node:_http_common:119:17)
2:40:03 AM [vite] Internal server error: ENOENT: no such file or directory, open '/var/www/html/controllaccess/node_modules/laravel-vite-plugin/dist/dev-server-index.html'
      at Object.openSync (node:fs:596:3)
      at Object.readFileSync (node:fs:464:35)
      at file:///var/www/html/controllaccess/node_modules/laravel-vite-plugin/dist/index.js:136:16
      at call (file:///var/www/html/controllaccess/node_modules/vite/dist/node/chunks/dep-9A4-l-43.js:44795:7)
      at next (file:///var/www/html/controllaccess/node_modules/vite/dist/node/chunks/dep-9A4-l-43.js:44739:5)
      at viteHtmlFallbackMiddleware (file:///var/www/html/controllaccess/node_modules/vite/dist/node/chunks/dep-9A4-l-43.js:59183:9)
      at call (file:///var/www/html/controllaccess/node_modules/vite/dist/node/chunks/dep-9A4-l-43.js:44795:7)
      at next (file:///var/www/html/controllaccess/node_modules/vite/dist/node/chunks/dep-9A4-l-43.js:44739:5)
      at viteServeStaticMiddleware (file:///var/www/html/controllaccess/node_modules/vite/dist/node/chunks/dep-9A4-l-43.js:49441:20)
      at call (file:///var/www/html/controllaccess/node_modules/vite/dist/node/chunks/dep-9A4-l-43.js:44795:7)
      at next (file:///var/www/html/controllaccess/node_modules/vite/dist/node/chunks/dep-9A4-l-43.js:44739:5)
      at viteServeRawFsMiddleware (file:///var/www/html/controllaccess/node_modules/vite/dist/node/chunks/dep-9A4-l-43.js:49501:13)
      at call (file:///var/www/html/controllaccess/node_modules/vite/dist/node/chunks/dep-9A4-l-43.js:44795:7)
      at next (file:///var/www/html/controllaccess/node_modules/vite/dist/node/chunks/dep-9A4-l-43.js:44739:5)
      at viteTransformMiddleware (file:///var/www/html/controllaccess/node_modules/vite/dist/node/chunks/dep-9A4-l-43.js:59254:20)
      at call (file:///var/www/html/controllaccess/node_modules/vite/dist/node/chunks/dep-9A4-l-43.js:44795:7)
      at next (file:///var/www/html/controllaccess/node_modules/vite/dist/node/chunks/dep-9A4-l-43.js:44739:5)
      at viteHMRPingMiddleware (file:///var/www/html/controllaccess/node_modules/vite/dist/node/chunks/dep-9A4-l-43.js:60622:13)
      at call (file:///var/www/html/controllaccess/node_modules/vite/dist/node/chunks/dep-9A4-l-43.js:44795:7)
      at next (file:///var/www/html/controllaccess/node_modules/vite/dist/node/chunks/dep-9A4-l-43.js:44739:5)
      at next (file:///var/www/html/controllaccess/node_modules/vite/dist/node/chunks/dep-9A4-l-43.js:44717:14)
      at cors (file:///var/www/html/controllaccess/node_modules/vite/dist/node/chunks/dep-9A4-l-43.js:45267:7)
      at file:///var/www/html/controllaccess/node_modules/vite/dist/node/chunks/dep-9A4-l-43.js:45303:17
      at originCallback (file:///var/www/html/controllaccess/node_modules/vite/dist/node/chunks/dep-9A4-l-43.js:45293:15)
      at file:///var/www/html/controllaccess/node_modules/vite/dist/node/chunks/dep-9A4-l-43.js:45298:13
      at optionsCallback (file:///var/www/html/controllaccess/node_modules/vite/dist/node/chunks/dep-9A4-l-43.js:45278:9)
      at corsMiddleware (file:///var/www/html/controllaccess/node_modules/vite/dist/node/chunks/dep-9A4-l-43.js:45283:7)
      at call (file:///var/www/html/controllaccess/node_modules/vite/dist/node/chunks/dep-9A4-l-43.js:44795:7)
      at next (file:///var/www/html/controllaccess/node_modules/vite/dist/node/chunks/dep-9A4-l-43.js:44739:5)
      at Function.handle (file:///var/www/html/controllaccess/node_modules/vite/dist/node/chunks/dep-9A4-l-43.js:44742:3)
      at Server.app (file:///var/www/html/controllaccess/node_modules/vite/dist/node/chunks/dep-9A4-l-43.js:44607:37)
      at Server.emit (node:events:517:28)
      at parserOnIncoming (node:_http_server:1123:12)
      at HTTPParser.parserOnHeadersComplete (node:_http_common:119:17)
2:40:24 AM [vite] Internal server error: ENOENT: no such file or directory, open '/var/www/html/controllaccess/node_modules/laravel-vite-plugin/dist/dev-server-index.html'
      at Object.openSync (node:fs:596:3)
      at Object.readFileSync (node:fs:464:35)
      at file:///var/www/html/controllaccess/node_modules/laravel-vite-plugin/dist/index.js:136:16
      at call (file:///var/www/html/controllaccess/node_modules/vite/dist/node/chunks/dep-9A4-l-43.js:44795:7)
      at next (file:///var/www/html/controllaccess/node_modules/vite/dist/node/chunks/dep-9A4-l-43.js:44739:5)
      at viteHtmlFallbackMiddleware (file:///var/www/html/controllaccess/node_modules/vite/dist/node/chunks/dep-9A4-l-43.js:59183:9)
      at call (file:///var/www/html/controllaccess/node_modules/vite/dist/node/chunks/dep-9A4-l-43.js:44795:7)
      at next (file:///var/www/html/controllaccess/node_modules/vite/dist/node/chunks/dep-9A4-l-43.js:44739:5)
      at viteServeStaticMiddleware (file:///var/www/html/controllaccess/node_modules/vite/dist/node/chunks/dep-9A4-l-43.js:49441:20)
      at call (file:///var/www/html/controllaccess/node_modules/vite/dist/node/chunks/dep-9A4-l-43.js:44795:7)
      at next (file:///var/www/html/controllaccess/node_modules/vite/dist/node/chunks/dep-9A4-l-43.js:44739:5)
      at viteServeRawFsMiddleware (file:///var/www/html/controllaccess/node_modules/vite/dist/node/chunks/dep-9A4-l-43.js:49501:13)
      at call (file:///var/www/html/controllaccess/node_modules/vite/dist/node/chunks/dep-9A4-l-43.js:44795:7)
      at next (file:///var/www/html/controllaccess/node_modules/vite/dist/node/chunks/dep-9A4-l-43.js:44739:5)
      at viteTransformMiddleware (file:///var/www/html/controllaccess/node_modules/vite/dist/node/chunks/dep-9A4-l-43.js:59254:20)
      at call (file:///var/www/html/controllaccess/node_modules/vite/dist/node/chunks/dep-9A4-l-43.js:44795:7)
      at next (file:///var/www/html/controllaccess/node_modules/vite/dist/node/chunks/dep-9A4-l-43.js:44739:5)
      at viteHMRPingMiddleware (file:///var/www/html/controllaccess/node_modules/vite/dist/node/chunks/dep-9A4-l-43.js:60622:13)
      at call (file:///var/www/html/controllaccess/node_modules/vite/dist/node/chunks/dep-9A4-l-43.js:44795:7)
      at next (file:///var/www/html/controllaccess/node_modules/vite/dist/node/chunks/dep-9A4-l-43.js:44739:5)
      at next (file:///var/www/html/controllaccess/node_modules/vite/dist/node/chunks/dep-9A4-l-43.js:44717:14)
      at cors (file:///var/www/html/controllaccess/node_modules/vite/dist/node/chunks/dep-9A4-l-43.js:45267:7)
      at file:///var/www/html/controllaccess/node_modules/vite/dist/node/chunks/dep-9A4-l-43.js:45303:17
      at originCallback (file:///var/www/html/controllaccess/node_modules/vite/dist/node/chunks/dep-9A4-l-43.js:45293:15)
      at file:///var/www/html/controllaccess/node_modules/vite/dist/node/chunks/dep-9A4-l-43.js:45298:13
      at optionsCallback (file:///var/www/html/controllaccess/node_modules/vite/dist/node/chunks/dep-9A4-l-43.js:45278:9)
      at corsMiddleware (file:///var/www/html/controllaccess/node_modules/vite/dist/node/chunks/dep-9A4-l-43.js:45283:7)
      at call (file:///var/www/html/controllaccess/node_modules/vite/dist/node/chunks/dep-9A4-l-43.js:44795:7)
      at next (file:///var/www/html/controllaccess/node_modules/vite/dist/node/chunks/dep-9A4-l-43.js:44739:5)
      at Function.handle (file:///var/www/html/controllaccess/node_modules/vite/dist/node/chunks/dep-9A4-l-43.js:44742:3)
      at Server.app (file:///var/www/html/controllaccess/node_modules/vite/dist/node/chunks/dep-9A4-l-43.js:44607:37)
      at Server.emit (node:events:517:28)
      at parserOnIncoming (node:_http_server:1123:12)
      at HTTPParser.parserOnHeadersComplete (node:_http_common:119:17)
4:05:16 PM [vite] Internal server error: ENOENT: no such file or directory, open '/var/www/html/controllaccess/node_modules/laravel-vite-plugin/dist/dev-server-index.html'
      at Object.openSync (node:fs:596:3)
      at Object.readFileSync (node:fs:464:35)
      at file:///var/www/html/controllaccess/node_modules/laravel-vite-plugin/dist/index.js:136:16
      at call (file:///var/www/html/controllaccess/node_modules/vite/dist/node/chunks/dep-9A4-l-43.js:44795:7)
      at next (file:///var/www/html/controllaccess/node_modules/vite/dist/node/chunks/dep-9A4-l-43.js:44739:5)
      at viteHtmlFallbackMiddleware (file:///var/www/html/controllaccess/node_modules/vite/dist/node/chunks/dep-9A4-l-43.js:59183:9)
      at call (file:///var/www/html/controllaccess/node_modules/vite/dist/node/chunks/dep-9A4-l-43.js:44795:7)
      at next (file:///var/www/html/controllaccess/node_modules/vite/dist/node/chunks/dep-9A4-l-43.js:44739:5)
      at viteServeStaticMiddleware (file:///var/www/html/controllaccess/node_modules/vite/dist/node/chunks/dep-9A4-l-43.js:49441:20)
      at call (file:///var/www/html/controllaccess/node_modules/vite/dist/node/chunks/dep-9A4-l-43.js:44795:7)
      at next (file:///var/www/html/controllaccess/node_modules/vite/dist/node/chunks/dep-9A4-l-43.js:44739:5)
      at viteServeRawFsMiddleware (file:///var/www/html/controllaccess/node_modules/vite/dist/node/chunks/dep-9A4-l-43.js:49501:13)
      at call (file:///var/www/html/controllaccess/node_modules/vite/dist/node/chunks/dep-9A4-l-43.js:44795:7)
      at next (file:///var/www/html/controllaccess/node_modules/vite/dist/node/chunks/dep-9A4-l-43.js:44739:5)
      at viteTransformMiddleware (file:///var/www/html/controllaccess/node_modules/vite/dist/node/chunks/dep-9A4-l-43.js:59254:20)
      at call (file:///var/www/html/controllaccess/node_modules/vite/dist/node/chunks/dep-9A4-l-43.js:44795:7)
      at next (file:///var/www/html/controllaccess/node_modules/vite/dist/node/chunks/dep-9A4-l-43.js:44739:5)
      at viteHMRPingMiddleware (file:///var/www/html/controllaccess/node_modules/vite/dist/node/chunks/dep-9A4-l-43.js:60622:13)
      at call (file:///var/www/html/controllaccess/node_modules/vite/dist/node/chunks/dep-9A4-l-43.js:44795:7)
      at next (file:///var/www/html/controllaccess/node_modules/vite/dist/node/chunks/dep-9A4-l-43.js:44739:5)
      at next (file:///var/www/html/controllaccess/node_modules/vite/dist/node/chunks/dep-9A4-l-43.js:44717:14)
      at cors (file:///var/www/html/controllaccess/node_modules/vite/dist/node/chunks/dep-9A4-l-43.js:45267:7)
      at file:///var/www/html/controllaccess/node_modules/vite/dist/node/chunks/dep-9A4-l-43.js:45303:17
      at originCallback (file:///var/www/html/controllaccess/node_modules/vite/dist/node/chunks/dep-9A4-l-43.js:45293:15)
      at file:///var/www/html/controllaccess/node_modules/vite/dist/node/chunks/dep-9A4-l-43.js:45298:13
      at optionsCallback (file:///var/www/html/controllaccess/node_modules/vite/dist/node/chunks/dep-9A4-l-43.js:45278:9)
      at corsMiddleware (file:///var/www/html/controllaccess/node_modules/vite/dist/node/chunks/dep-9A4-l-43.js:45283:7)
      at call (file:///var/www/html/controllaccess/node_modules/vite/dist/node/chunks/dep-9A4-l-43.js:44795:7)
      at next (file:///var/www/html/controllaccess/node_modules/vite/dist/node/chunks/dep-9A4-l-43.js:44739:5)
      at Function.handle (file:///var/www/html/controllaccess/node_modules/vite/dist/node/chunks/dep-9A4-l-43.js:44742:3)
      at Server.app (file:///var/www/html/controllaccess/node_modules/vite/dist/node/chunks/dep-9A4-l-43.js:44607:37)
      at Server.emit (node:events:517:28)
      at parserOnIncoming (node:_http_server:1123:12)
      at HTTPParser.parserOnHeadersComplete (node:_http_common:119:17)
4:05:18 PM [vite] Internal server error: ENOENT: no such file or directory, open '/var/www/html/controllaccess/node_modules/laravel-vite-plugin/dist/dev-server-index.html'
      at Object.openSync (node:fs:596:3)
      at Object.readFileSync (node:fs:464:35)
      at file:///var/www/html/controllaccess/node_modules/laravel-vite-plugin/dist/index.js:136:16
      at call (file:///var/www/html/controllaccess/node_modules/vite/dist/node/chunks/dep-9A4-l-43.js:44795:7)
      at next (file:///var/www/html/controllaccess/node_modules/vite/dist/node/chunks/dep-9A4-l-43.js:44739:5)
      at viteHtmlFallbackMiddleware (file:///var/www/html/controllaccess/node_modules/vite/dist/node/chunks/dep-9A4-l-43.js:59183:9)
      at call (file:///var/www/html/controllaccess/node_modules/vite/dist/node/chunks/dep-9A4-l-43.js:44795:7)
      at next (file:///var/www/html/controllaccess/node_modules/vite/dist/node/chunks/dep-9A4-l-43.js:44739:5)
      at viteServeStaticMiddleware (file:///var/www/html/controllaccess/node_modules/vite/dist/node/chunks/dep-9A4-l-43.js:49441:20)
      at call (file:///var/www/html/controllaccess/node_modules/vite/dist/node/chunks/dep-9A4-l-43.js:44795:7)
      at next (file:///var/www/html/controllaccess/node_modules/vite/dist/node/chunks/dep-9A4-l-43.js:44739:5)
      at viteServeRawFsMiddleware (file:///var/www/html/controllaccess/node_modules/vite/dist/node/chunks/dep-9A4-l-43.js:49501:13)
      at call (file:///var/www/html/controllaccess/node_modules/vite/dist/node/chunks/dep-9A4-l-43.js:44795:7)
      at next (file:///var/www/html/controllaccess/node_modules/vite/dist/node/chunks/dep-9A4-l-43.js:44739:5)
      at viteTransformMiddleware (file:///var/www/html/controllaccess/node_modules/vite/dist/node/chunks/dep-9A4-l-43.js:59254:20)
      at call (file:///var/www/html/controllaccess/node_modules/vite/dist/node/chunks/dep-9A4-l-43.js:44795:7)
      at next (file:///var/www/html/controllaccess/node_modules/vite/dist/node/chunks/dep-9A4-l-43.js:44739:5)
      at viteHMRPingMiddleware (file:///var/www/html/controllaccess/node_modules/vite/dist/node/chunks/dep-9A4-l-43.js:60622:13)
      at call (file:///var/www/html/controllaccess/node_modules/vite/dist/node/chunks/dep-9A4-l-43.js:44795:7)
      at next (file:///var/www/html/controllaccess/node_modules/vite/dist/node/chunks/dep-9A4-l-43.js:44739:5)
      at next (file:///var/www/html/controllaccess/node_modules/vite/dist/node/chunks/dep-9A4-l-43.js:44717:14)
      at cors (file:///var/www/html/controllaccess/node_modules/vite/dist/node/chunks/dep-9A4-l-43.js:45267:7)
      at file:///var/www/html/controllaccess/node_modules/vite/dist/node/chunks/dep-9A4-l-43.js:45303:17
      at originCallback (file:///var/www/html/controllaccess/node_modules/vite/dist/node/chunks/dep-9A4-l-43.js:45293:15)
      at file:///var/www/html/controllaccess/node_modules/vite/dist/node/chunks/dep-9A4-l-43.js:45298:13
      at optionsCallback (file:///var/www/html/controllaccess/node_modules/vite/dist/node/chunks/dep-9A4-l-43.js:45278:9)
      at corsMiddleware (file:///var/www/html/controllaccess/node_modules/vite/dist/node/chunks/dep-9A4-l-43.js:45283:7)
      at call (file:///var/www/html/controllaccess/node_modules/vite/dist/node/chunks/dep-9A4-l-43.js:44795:7)
      at next (file:///var/www/html/controllaccess/node_modules/vite/dist/node/chunks/dep-9A4-l-43.js:44739:5)
      at Function.handle (file:///var/www/html/controllaccess/node_modules/vite/dist/node/chunks/dep-9A4-l-43.js:44742:3)
      at Server.app (file:///var/www/html/controllaccess/node_modules/vite/dist/node/chunks/dep-9A4-l-43.js:44607:37)
      at Server.emit (node:events:517:28)
      at parserOnIncoming (node:_http_server:1123:12)
      at HTTPParser.parserOnHeadersComplete (node:_http_common:119:17)
4:41:10 AM [vite] Internal server error: ENOENT: no such file or directory, open '/var/www/html/controllaccess/node_modules/laravel-vite-plugin/dist/dev-server-index.html'
      at Object.openSync (node:fs:596:3)
      at Object.readFileSync (node:fs:464:35)
      at file:///var/www/html/controllaccess/node_modules/laravel-vite-plugin/dist/index.js:136:16
      at call (file:///var/www/html/controllaccess/node_modules/vite/dist/node/chunks/dep-9A4-l-43.js:44795:7)
      at next (file:///var/www/html/controllaccess/node_modules/vite/dist/node/chunks/dep-9A4-l-43.js:44739:5)
      at viteHtmlFallbackMiddleware (file:///var/www/html/controllaccess/node_modules/vite/dist/node/chunks/dep-9A4-l-43.js:59183:9)
      at call (file:///var/www/html/controllaccess/node_modules/vite/dist/node/chunks/dep-9A4-l-43.js:44795:7)
      at next (file:///var/www/html/controllaccess/node_modules/vite/dist/node/chunks/dep-9A4-l-43.js:44739:5)
      at viteServeStaticMiddleware (file:///var/www/html/controllaccess/node_modules/vite/dist/node/chunks/dep-9A4-l-43.js:49441:20)
      at call (file:///var/www/html/controllaccess/node_modules/vite/dist/node/chunks/dep-9A4-l-43.js:44795:7)
      at next (file:///var/www/html/controllaccess/node_modules/vite/dist/node/chunks/dep-9A4-l-43.js:44739:5)
      at viteServeRawFsMiddleware (file:///var/www/html/controllaccess/node_modules/vite/dist/node/chunks/dep-9A4-l-43.js:49501:13)
      at call (file:///var/www/html/controllaccess/node_modules/vite/dist/node/chunks/dep-9A4-l-43.js:44795:7)
      at next (file:///var/www/html/controllaccess/node_modules/vite/dist/node/chunks/dep-9A4-l-43.js:44739:5)
      at viteTransformMiddleware (file:///var/www/html/controllaccess/node_modules/vite/dist/node/chunks/dep-9A4-l-43.js:59254:20)
      at call (file:///var/www/html/controllaccess/node_modules/vite/dist/node/chunks/dep-9A4-l-43.js:44795:7)
      at next (file:///var/www/html/controllaccess/node_modules/vite/dist/node/chunks/dep-9A4-l-43.js:44739:5)
      at viteHMRPingMiddleware (file:///var/www/html/controllaccess/node_modules/vite/dist/node/chunks/dep-9A4-l-43.js:60622:13)
      at call (file:///var/www/html/controllaccess/node_modules/vite/dist/node/chunks/dep-9A4-l-43.js:44795:7)
      at next (file:///var/www/html/controllaccess/node_modules/vite/dist/node/chunks/dep-9A4-l-43.js:44739:5)
      at next (file:///var/www/html/controllaccess/node_modules/vite/dist/node/chunks/dep-9A4-l-43.js:44717:14)
      at cors (file:///var/www/html/controllaccess/node_modules/vite/dist/node/chunks/dep-9A4-l-43.js:45267:7)
      at file:///var/www/html/controllaccess/node_modules/vite/dist/node/chunks/dep-9A4-l-43.js:45303:17
      at originCallback (file:///var/www/html/controllaccess/node_modules/vite/dist/node/chunks/dep-9A4-l-43.js:45293:15)
      at file:///var/www/html/controllaccess/node_modules/vite/dist/node/chunks/dep-9A4-l-43.js:45298:13
      at optionsCallback (file:///var/www/html/controllaccess/node_modules/vite/dist/node/chunks/dep-9A4-l-43.js:45278:9)
      at corsMiddleware (file:///var/www/html/controllaccess/node_modules/vite/dist/node/chunks/dep-9A4-l-43.js:45283:7)
      at call (file:///var/www/html/controllaccess/node_modules/vite/dist/node/chunks/dep-9A4-l-43.js:44795:7)
      at next (file:///var/www/html/controllaccess/node_modules/vite/dist/node/chunks/dep-9A4-l-43.js:44739:5)
      at Function.handle (file:///var/www/html/controllaccess/node_modules/vite/dist/node/chunks/dep-9A4-l-43.js:44742:3)
      at Server.app (file:///var/www/html/controllaccess/node_modules/vite/dist/node/chunks/dep-9A4-l-43.js:44607:37)
      at Server.emit (node:events:517:28)
      at parserOnIncoming (node:_http_server:1123:12)
      at HTTPParser.parserOnHeadersComplete (node:_http_common:119:17)
4:33:40 AM [vite] Internal server error: ENOENT: no such file or directory, open '/var/www/html/controllaccess/node_modules/laravel-vite-plugin/dist/dev-server-index.html'
      at Object.openSync (node:fs:596:3)
      at Object.readFileSync (node:fs:464:35)
      at file:///var/www/html/controllaccess/node_modules/laravel-vite-plugin/dist/index.js:136:16
      at call (file:///var/www/html/controllaccess/node_modules/vite/dist/node/chunks/dep-9A4-l-43.js:44795:7)
      at next (file:///var/www/html/controllaccess/node_modules/vite/dist/node/chunks/dep-9A4-l-43.js:44739:5)
      at viteHtmlFallbackMiddleware (file:///var/www/html/controllaccess/node_modules/vite/dist/node/chunks/dep-9A4-l-43.js:59183:9)
      at call (file:///var/www/html/controllaccess/node_modules/vite/dist/node/chunks/dep-9A4-l-43.js:44795:7)
      at next (file:///var/www/html/controllaccess/node_modules/vite/dist/node/chunks/dep-9A4-l-43.js:44739:5)
      at viteServeStaticMiddleware (file:///var/www/html/controllaccess/node_modules/vite/dist/node/chunks/dep-9A4-l-43.js:49441:20)
      at call (file:///var/www/html/controllaccess/node_modules/vite/dist/node/chunks/dep-9A4-l-43.js:44795:7)
      at next (file:///var/www/html/controllaccess/node_modules/vite/dist/node/chunks/dep-9A4-l-43.js:44739:5)
      at viteServeRawFsMiddleware (file:///var/www/html/controllaccess/node_modules/vite/dist/node/chunks/dep-9A4-l-43.js:49501:13)
      at call (file:///var/www/html/controllaccess/node_modules/vite/dist/node/chunks/dep-9A4-l-43.js:44795:7)
      at next (file:///var/www/html/controllaccess/node_modules/vite/dist/node/chunks/dep-9A4-l-43.js:44739:5)
      at viteTransformMiddleware (file:///var/www/html/controllaccess/node_modules/vite/dist/node/chunks/dep-9A4-l-43.js:59254:20)
      at call (file:///var/www/html/controllaccess/node_modules/vite/dist/node/chunks/dep-9A4-l-43.js:44795:7)
      at next (file:///var/www/html/controllaccess/node_modules/vite/dist/node/chunks/dep-9A4-l-43.js:44739:5)
      at viteHMRPingMiddleware (file:///var/www/html/controllaccess/node_modules/vite/dist/node/chunks/dep-9A4-l-43.js:60622:13)
      at call (file:///var/www/html/controllaccess/node_modules/vite/dist/node/chunks/dep-9A4-l-43.js:44795:7)
      at next (file:///var/www/html/controllaccess/node_modules/vite/dist/node/chunks/dep-9A4-l-43.js:44739:5)
      at next (file:///var/www/html/controllaccess/node_modules/vite/dist/node/chunks/dep-9A4-l-43.js:44717:14)
      at cors (file:///var/www/html/controllaccess/node_modules/vite/dist/node/chunks/dep-9A4-l-43.js:45267:7)
      at file:///var/www/html/controllaccess/node_modules/vite/dist/node/chunks/dep-9A4-l-43.js:45303:17
      at originCallback (file:///var/www/html/controllaccess/node_modules/vite/dist/node/chunks/dep-9A4-l-43.js:45293:15)
      at file:///var/www/html/controllaccess/node_modules/vite/dist/node/chunks/dep-9A4-l-43.js:45298:13
      at optionsCallback (file:///var/www/html/controllaccess/node_modules/vite/dist/node/chunks/dep-9A4-l-43.js:45278:9)
      at corsMiddleware (file:///var/www/html/controllaccess/node_modules/vite/dist/node/chunks/dep-9A4-l-43.js:45283:7)
      at call (file:///var/www/html/controllaccess/node_modules/vite/dist/node/chunks/dep-9A4-l-43.js:44795:7)
      at next (file:///var/www/html/controllaccess/node_modules/vite/dist/node/chunks/dep-9A4-l-43.js:44739:5)
      at Function.handle (file:///var/www/html/controllaccess/node_modules/vite/dist/node/chunks/dep-9A4-l-43.js:44742:3)
      at Server.app (file:///var/www/html/controllaccess/node_modules/vite/dist/node/chunks/dep-9A4-l-43.js:44607:37)
      at Server.emit (node:events:517:28)
      at parserOnIncoming (node:_http_server:1123:12)
      at HTTPParser.parserOnHeadersComplete (node:_http_common:119:17)
